**************************
2013-01-29 12:08:31.555000
Booting up computeSimscore.py
--------------------
2013-01-29 12:08:41.802000
Processing edge0/2012/08/08.18.10.15.199.0.txt
from bucket incoming-simscore-org
**************************
2013-01-29 12:10:35.997000
Booting up computeSimscore.py
--------------------
2013-01-29 12:10:40.590000
Processing edge0/2012/08/08.18.10.15.199.0.txt
from bucket incoming-simscore-org
**************************
2013-01-29 12:12:08.488000
Booting up computeSimscore.py
--------------------
2013-01-29 12:12:10.607000
Processing edge0/2012/08/08.18.10.15.199.0.txt
from bucket incoming-simscore-org
**************************
2013-01-29 12:12:33.178000
Booting up computeSimscore.py
--------------------
2013-01-29 12:12:35.312000
Processing edge0/2012/08/08.18.10.15.199.0.txt
from bucket incoming-simscore-org
**************************
2013-01-29 12:18:01.226000
Booting up computeSimscore.py
--------------------
2013-01-29 12:18:02.864000
Processing edge0/2012/08/08.18.10.15.199.0.txt
from bucket incoming-simscore-org
